<?xml version="1.0" encoding="UTF-8"?>
<testng-results ignored="0" total="1" passed="1" failed="0" skipped="0">
  <reporter-output>
  </reporter-output>
  <suite started-at="2023-12-27T01:32:39 EST" name="Default suite" finished-at="2023-12-27T01:32:42 EST" duration-ms="3206">
    <groups>
      <group name="cucumber">
        <method signature="AbstractTestNGCucumberTests.runScenario(io.cucumber.testng.PickleWrapper,io.cucumber.testng.FeatureWrapper)[pri:0, instance:com.autolib.cucumber.runners.TestNGRunnerTest@548d708a]" name="runScenario" class="io.cucumber.testng.AbstractTestNGCucumberTests"/>
      </group> <!-- cucumber -->
    </groups>
    <test started-at="2023-12-27T01:32:39 EST" name="Default test" finished-at="2023-12-27T01:32:42 EST" duration-ms="3206">
      <class name="com.autolib.cucumber.runners.TestNGRunnerTest">
        <test-method is-config="true" signature="setUpClass(org.testng.ITestContext)[pri:0, instance:com.autolib.cucumber.runners.TestNGRunnerTest@548d708a]" started-at="2023-12-27T01:32:39 EST" name="setUpClass" finished-at="2023-12-27T01:32:39 EST" duration-ms="141" status="PASS">
          <params>
            <param index="0">
              <value>
                <![CDATA[org.testng.TestRunner@75798d03]]>
              </value>
            </param>
          </params>
          <reporter-output>
          </reporter-output>
        </test-method> <!-- setUpClass -->
        <test-method signature="runScenario(io.cucumber.testng.PickleWrapper,io.cucumber.testng.FeatureWrapper)[pri:0, instance:com.autolib.cucumber.runners.TestNGRunnerTest@548d708a]" started-at="2023-12-27T01:32:39 EST" name="runScenario" description="Runs Cucumber Scenarios" data-provider="scenarios" finished-at="2023-12-27T01:32:42 EST" duration-ms="3027" status="PASS">
          <params>
            <param index="0">
              <value>
                <![CDATA["Global Navigation functionality"]]>
              </value>
            </param>
            <param index="1">
              <value>
                <![CDATA["Global Navigation Feature"]]>
              </value>
            </param>
          </params>
          <reporter-output>
          </reporter-output>
        </test-method> <!-- runScenario -->
        <test-method is-config="true" signature="tearDownClass()[pri:0, instance:com.autolib.cucumber.runners.TestNGRunnerTest@548d708a]" started-at="2023-12-27T01:32:42 EST" name="tearDownClass" finished-at="2023-12-27T01:32:42 EST" duration-ms="5" status="PASS">
          <reporter-output>
          </reporter-output>
        </test-method> <!-- tearDownClass -->
      </class> <!-- com.autolib.cucumber.runners.TestNGRunnerTest -->
    </test> <!-- Default test -->
  </suite> <!-- Default suite -->
</testng-results>
